<?xml version="1.0" encoding="UTF-8"?>
<!-- Generated by org.testng.reporters.JUnitReportReporter -->
<testsuite hostname="hp" failures="0" tests="1" name="TestCases.Execution" time="146.615" errors="0" timestamp="2020-09-26T21:45:53 IST" skipped="0">
  <testcase classname="TestCases.Execution" name="validateSearchCity" time="146.615"/>
  <system-out/>
</testsuite> <!-- TestCases.Execution -->
