<?xml version="1.0" encoding="UTF-8"?>
<!-- Generated by org.testng.reporters.JUnitReportReporter -->
<testsuite hostname="hp" failures="0" tests="1" name="TestCases.SearchCity" time="1.843" errors="0" timestamp="2020-09-30T21:32:23 IST" skipped="0">
  <testcase classname="TestCases.SearchCity" name="SearchCity" time="1.843"/>
  <system-out/>
</testsuite> <!-- TestCases.SearchCity -->
